Determining if the pthread_create exist failed with the following output:
Change Dir: /home/hanke/RPI/build/CMakeFiles/CMakeTmp

Run Build Command:"/usr/bin/make" "cmTC_94d36/fast"
/usr/bin/make -f CMakeFiles/cmTC_94d36.dir/build.make CMakeFiles/cmTC_94d36.dir/build
make[1]: Entering directory '/home/hanke/RPI/build/CMakeFiles/CMakeTmp'
Building C object CMakeFiles/cmTC_94d36.dir/CheckSymbolExists.c.o
/usr/bin/cc     -o CMakeFiles/cmTC_94d36.dir/CheckSymbolExists.c.o   -c /home/hanke/RPI/build/CMakeFiles/CMakeTmp/CheckSymbolExists.c
Linking C executable cmTC_94d36
/usr/bin/cmake -E cmake_link_script CMakeFiles/cmTC_94d36.dir/link.txt --verbose=1
/usr/bin/cc       CMakeFiles/cmTC_94d36.dir/CheckSymbolExists.c.o  -o cmTC_94d36 -rdynamic 
CMakeFiles/cmTC_94d36.dir/CheckSymbolExists.c.o: In function `main':
CheckSymbolExists.c:(.text+0xe): undefined reference to `pthread_create'
CheckSymbolExists.c:(.text+0x12): undefined reference to `pthread_create'
collect2: error: ld returned 1 exit status
CMakeFiles/cmTC_94d36.dir/build.make:97: recipe for target 'cmTC_94d36' failed
make[1]: *** [cmTC_94d36] Error 1
make[1]: Leaving directory '/home/hanke/RPI/build/CMakeFiles/CMakeTmp'
Makefile:126: recipe for target 'cmTC_94d36/fast' failed
make: *** [cmTC_94d36/fast] Error 2

File /home/hanke/RPI/build/CMakeFiles/CMakeTmp/CheckSymbolExists.c:
/* */
#include <pthread.h>

int main(int argc, char** argv)
{
  (void)argv;
#ifndef pthread_create
  return ((int*)(&pthread_create))[argc];
#else
  (void)argc;
  return 0;
#endif
}

Determining if the function pthread_create exists in the pthreads failed with the following output:
Change Dir: /home/hanke/RPI/build/CMakeFiles/CMakeTmp

Run Build Command:"/usr/bin/make" "cmTC_eff2e/fast"
/usr/bin/make -f CMakeFiles/cmTC_eff2e.dir/build.make CMakeFiles/cmTC_eff2e.dir/build
make[1]: Entering directory '/home/hanke/RPI/build/CMakeFiles/CMakeTmp'
Building C object CMakeFiles/cmTC_eff2e.dir/CheckFunctionExists.c.o
/usr/bin/cc    -DCHECK_FUNCTION_EXISTS=pthread_create   -o CMakeFiles/cmTC_eff2e.dir/CheckFunctionExists.c.o   -c /usr/share/cmake-3.5/Modules/CheckFunctionExists.c
Linking C executable cmTC_eff2e
/usr/bin/cmake -E cmake_link_script CMakeFiles/cmTC_eff2e.dir/link.txt --verbose=1
/usr/bin/cc   -DCHECK_FUNCTION_EXISTS=pthread_create    CMakeFiles/cmTC_eff2e.dir/CheckFunctionExists.c.o  -o cmTC_eff2e -rdynamic -lpthreads 
/usr/bin/ld: cannot find -lpthreads
collect2: error: ld returned 1 exit status
CMakeFiles/cmTC_eff2e.dir/build.make:97: recipe for target 'cmTC_eff2e' failed
make[1]: *** [cmTC_eff2e] Error 1
make[1]: Leaving directory '/home/hanke/RPI/build/CMakeFiles/CMakeTmp'
Makefile:126: recipe for target 'cmTC_eff2e/fast' failed
make: *** [cmTC_eff2e/fast] Error 2


